<?xml version="1.0" encoding="UTF-8"?>
<testng-results ignored="0" total="17" passed="17" failed="0" skipped="0">
  <reporter-output>
  </reporter-output>
  <suite started-at="2023-07-20T11:29:38 IST" name="Suite" finished-at="2023-07-20T11:30:17 IST" duration-ms="38131">
    <groups>
      <group name="Regression">
        <method signature="Tests.elementCall_newBike()[pri:1, instance:com.cognizant.INB.Tests@792b749c]" name="elementCall_newBike" class="com.cognizant.INB.Tests"/>
        <method signature="Tests.elementCall_upcomingBikes()[pri:2, instance:com.cognizant.INB.Tests@792b749c]" name="elementCall_upcomingBikes" class="com.cognizant.INB.Tests"/>
        <method signature="Tests.elementCall_dropDown()[pri:3, instance:com.cognizant.INB.Tests@792b749c]" name="elementCall_dropDown" class="com.cognizant.INB.Tests"/>
        <method signature="Tests.elementCall_hondaClick()[pri:4, instance:com.cognizant.INB.Tests@792b749c]" name="elementCall_hondaClick" class="com.cognizant.INB.Tests"/>
        <method signature="Tests.elementCall_hondaScroll()[pri:5, instance:com.cognizant.INB.Tests@792b749c]" name="elementCall_hondaScroll" class="com.cognizant.INB.Tests"/>
        <method signature="Tests.elementCall_list()[pri:6, instance:com.cognizant.INB.Tests@792b749c]" name="elementCall_list" class="com.cognizant.INB.Tests"/>
        <method signature="Tests.useCar_home()[pri:7, instance:com.cognizant.INB.Tests@792b749c]" name="useCar_home" class="com.cognizant.INB.Tests"/>
        <method signature="Tests.useCar_usedCar()[pri:8, instance:com.cognizant.INB.Tests@792b749c]" name="useCar_usedCar" class="com.cognizant.INB.Tests"/>
        <method signature="Tests.useCar_ChooseCity()[pri:9, instance:com.cognizant.INB.Tests@792b749c]" name="useCar_ChooseCity" class="com.cognizant.INB.Tests"/>
        <method signature="Tests.useCar_scroll()[pri:10, instance:com.cognizant.INB.Tests@792b749c]" name="useCar_scroll" class="com.cognizant.INB.Tests"/>
        <method signature="Tests.useCar_list()[pri:11, instance:com.cognizant.INB.Tests@792b749c]" name="useCar_list" class="com.cognizant.INB.Tests"/>
        <method signature="Tests.login_home()[pri:12, instance:com.cognizant.INB.Tests@792b749c]" name="login_home" class="com.cognizant.INB.Tests"/>
        <method signature="Tests.loginClick()[pri:13, instance:com.cognizant.INB.Tests@792b749c]" name="loginClick" class="com.cognizant.INB.Tests"/>
        <method signature="Tests.googleClick()[pri:14, instance:com.cognizant.INB.Tests@792b749c]" name="googleClick" class="com.cognizant.INB.Tests"/>
        <method signature="Tests.windowHandle()[pri:15, instance:com.cognizant.INB.Tests@792b749c]" name="windowHandle" class="com.cognizant.INB.Tests"/>
        <method signature="Tests.emailClick()[pri:16, instance:com.cognizant.INB.Tests@792b749c]" name="emailClick" class="com.cognizant.INB.Tests"/>
        <method signature="Tests.nextButton()[pri:17, instance:com.cognizant.INB.Tests@792b749c]" name="nextButton" class="com.cognizant.INB.Tests"/>
      </group> <!-- Regression -->
      <group name="Smoke">
        <method signature="Tests.elementCall_newBike()[pri:1, instance:com.cognizant.INB.Tests@792b749c]" name="elementCall_newBike" class="com.cognizant.INB.Tests"/>
        <method signature="Tests.elementCall_upcomingBikes()[pri:2, instance:com.cognizant.INB.Tests@792b749c]" name="elementCall_upcomingBikes" class="com.cognizant.INB.Tests"/>
        <method signature="Tests.elementCall_dropDown()[pri:3, instance:com.cognizant.INB.Tests@792b749c]" name="elementCall_dropDown" class="com.cognizant.INB.Tests"/>
        <method signature="Tests.elementCall_hondaClick()[pri:4, instance:com.cognizant.INB.Tests@792b749c]" name="elementCall_hondaClick" class="com.cognizant.INB.Tests"/>
        <method signature="Tests.elementCall_hondaScroll()[pri:5, instance:com.cognizant.INB.Tests@792b749c]" name="elementCall_hondaScroll" class="com.cognizant.INB.Tests"/>
        <method signature="Tests.elementCall_list()[pri:6, instance:com.cognizant.INB.Tests@792b749c]" name="elementCall_list" class="com.cognizant.INB.Tests"/>
      </group> <!-- Smoke -->
    </groups>
    <test started-at="2023-07-20T11:29:38 IST" name="Test" finished-at="2023-07-20T11:30:17 IST" duration-ms="38131">
      <class name="com.cognizant.INB.Tests">
        <test-method is-config="true" signature="driverConfig()[pri:0, instance:com.cognizant.INB.Tests@792b749c]" started-at="2023-07-20T11:29:19 IST" name="driverConfig" finished-at="2023-07-20T11:29:38 IST" duration-ms="19739" status="PASS">
          <reporter-output>
          </reporter-output>
        </test-method> <!-- driverConfig -->
        <test-method signature="elementCall_newBike()[pri:1, instance:com.cognizant.INB.Tests@792b749c]" started-at="2023-07-20T11:29:39 IST" name="elementCall_newBike" finished-at="2023-07-20T11:29:42 IST" duration-ms="3842" status="PASS">
          <reporter-output>
          </reporter-output>
        </test-method> <!-- elementCall_newBike -->
        <test-method signature="elementCall_upcomingBikes()[pri:2, instance:com.cognizant.INB.Tests@792b749c]" started-at="2023-07-20T11:29:43 IST" name="elementCall_upcomingBikes" finished-at="2023-07-20T11:29:48 IST" duration-ms="5697" status="PASS">
          <reporter-output>
          </reporter-output>
        </test-method> <!-- elementCall_upcomingBikes -->
        <test-method signature="elementCall_dropDown()[pri:3, instance:com.cognizant.INB.Tests@792b749c]" started-at="2023-07-20T11:29:48 IST" name="elementCall_dropDown" finished-at="2023-07-20T11:29:49 IST" duration-ms="803" status="PASS">
          <reporter-output>
          </reporter-output>
        </test-method> <!-- elementCall_dropDown -->
        <test-method signature="elementCall_hondaClick()[pri:4, instance:com.cognizant.INB.Tests@792b749c]" started-at="2023-07-20T11:29:49 IST" name="elementCall_hondaClick" finished-at="2023-07-20T11:29:50 IST" duration-ms="1431" status="PASS">
          <reporter-output>
          </reporter-output>
        </test-method> <!-- elementCall_hondaClick -->
        <test-method signature="elementCall_hondaScroll()[pri:5, instance:com.cognizant.INB.Tests@792b749c]" started-at="2023-07-20T11:29:50 IST" name="elementCall_hondaScroll" finished-at="2023-07-20T11:29:51 IST" duration-ms="117" status="PASS">
          <reporter-output>
          </reporter-output>
        </test-method> <!-- elementCall_hondaScroll -->
        <test-method signature="elementCall_list()[pri:6, instance:com.cognizant.INB.Tests@792b749c]" started-at="2023-07-20T11:29:51 IST" name="elementCall_list" finished-at="2023-07-20T11:29:54 IST" duration-ms="3659" status="PASS">
          <reporter-output>
          </reporter-output>
        </test-method> <!-- elementCall_list -->
        <test-method signature="useCar_home()[pri:7, instance:com.cognizant.INB.Tests@792b749c]" started-at="2023-07-20T11:29:54 IST" name="useCar_home" finished-at="2023-07-20T11:29:57 IST" duration-ms="3079" status="PASS">
          <reporter-output>
          </reporter-output>
        </test-method> <!-- useCar_home -->
        <test-method signature="useCar_usedCar()[pri:8, instance:com.cognizant.INB.Tests@792b749c]" started-at="2023-07-20T11:29:57 IST" name="useCar_usedCar" finished-at="2023-07-20T11:29:59 IST" duration-ms="2140" status="PASS">
          <reporter-output>
          </reporter-output>
        </test-method> <!-- useCar_usedCar -->
        <test-method signature="useCar_ChooseCity()[pri:9, instance:com.cognizant.INB.Tests@792b749c]" started-at="2023-07-20T11:30:00 IST" name="useCar_ChooseCity" finished-at="2023-07-20T11:30:05 IST" duration-ms="5054" status="PASS">
          <reporter-output>
          </reporter-output>
        </test-method> <!-- useCar_ChooseCity -->
        <test-method signature="useCar_scroll()[pri:10, instance:com.cognizant.INB.Tests@792b749c]" started-at="2023-07-20T11:30:05 IST" name="useCar_scroll" finished-at="2023-07-20T11:30:05 IST" duration-ms="687" status="PASS">
          <reporter-output>
          </reporter-output>
        </test-method> <!-- useCar_scroll -->
        <test-method signature="useCar_list()[pri:11, instance:com.cognizant.INB.Tests@792b749c]" started-at="2023-07-20T11:30:05 IST" name="useCar_list" finished-at="2023-07-20T11:30:06 IST" duration-ms="1137" status="PASS">
          <reporter-output>
          </reporter-output>
        </test-method> <!-- useCar_list -->
        <test-method signature="login_home()[pri:12, instance:com.cognizant.INB.Tests@792b749c]" started-at="2023-07-20T11:30:06 IST" name="login_home" finished-at="2023-07-20T11:30:09 IST" duration-ms="3079" status="PASS">
          <reporter-output>
          </reporter-output>
        </test-method> <!-- login_home -->
        <test-method signature="loginClick()[pri:13, instance:com.cognizant.INB.Tests@792b749c]" started-at="2023-07-20T11:30:09 IST" name="loginClick" finished-at="2023-07-20T11:30:13 IST" duration-ms="3302" status="PASS">
          <reporter-output>
          </reporter-output>
        </test-method> <!-- loginClick -->
        <test-method signature="googleClick()[pri:14, instance:com.cognizant.INB.Tests@792b749c]" started-at="2023-07-20T11:30:13 IST" name="googleClick" finished-at="2023-07-20T11:30:13 IST" duration-ms="453" status="PASS">
          <reporter-output>
          </reporter-output>
        </test-method> <!-- googleClick -->
        <test-method signature="windowHandle()[pri:15, instance:com.cognizant.INB.Tests@792b749c]" started-at="2023-07-20T11:30:13 IST" name="windowHandle" finished-at="2023-07-20T11:30:13 IST" duration-ms="176" status="PASS">
          <reporter-output>
          </reporter-output>
        </test-method> <!-- windowHandle -->
        <test-method signature="emailClick()[pri:16, instance:com.cognizant.INB.Tests@792b749c]" started-at="2023-07-20T11:30:13 IST" name="emailClick" finished-at="2023-07-20T11:30:15 IST" duration-ms="1971" status="PASS">
          <reporter-output>
          </reporter-output>
        </test-method> <!-- emailClick -->
        <test-method signature="nextButton()[pri:17, instance:com.cognizant.INB.Tests@792b749c]" started-at="2023-07-20T11:30:15 IST" name="nextButton" finished-at="2023-07-20T11:30:17 IST" duration-ms="1179" status="PASS">
          <reporter-output>
          </reporter-output>
        </test-method> <!-- nextButton -->
        <test-method is-config="true" signature="quit()[pri:0, instance:com.cognizant.INB.Tests@792b749c]" started-at="2023-07-20T11:30:18 IST" name="quit" finished-at="2023-07-20T11:30:20 IST" duration-ms="1770" status="PASS">
          <reporter-output>
          </reporter-output>
        </test-method> <!-- quit -->
      </class> <!-- com.cognizant.INB.Tests -->
    </test> <!-- Test -->
  </suite> <!-- Suite -->
</testng-results>
