<?xml version="1.0" encoding="UTF-8"?>
<!-- Generated by org.testng.reporters.JUnitXMLReporter -->
<testsuite ignored="0" hostname="LAPTOP-VOGU50DD" failures="0" tests="17" name="Default test" time="20.768" errors="0" timestamp="2023-07-19T10:14:05 IST">
  <testcase classname="com.cognizant.INB.Tests" name="elementCall_newBike" time="1.903"/>
  <testcase classname="com.cognizant.INB.Tests" name="elementCall_upcomingBikes" time="1.068"/>
  <testcase classname="com.cognizant.INB.Tests" name="elementCall_dropDown" time="0.546"/>
  <testcase classname="com.cognizant.INB.Tests" name="elementCall_hondaClick" time="0.55"/>
  <testcase classname="com.cognizant.INB.Tests" name="elementCall_hondaScroll" time="0.068"/>
  <testcase classname="com.cognizant.INB.Tests" name="elementCall_list" time="1.384"/>
  <testcase classname="com.cognizant.INB.Tests" name="useCar_home" time="1.406"/>
  <testcase classname="com.cognizant.INB.Tests" name="useCar_usedCar" time="0.746"/>
  <testcase classname="com.cognizant.INB.Tests" name="useCar_ChooseCity" time="5.823"/>
  <testcase classname="com.cognizant.INB.Tests" name="useCar_scroll" time="0.016"/>
  <testcase classname="com.cognizant.INB.Tests" name="useCar_list" time="0.72"/>
  <testcase classname="com.cognizant.INB.Tests" name="login_home" time="1.799"/>
  <testcase classname="com.cognizant.INB.Tests" name="loginClick" time="0.894"/>
  <testcase classname="com.cognizant.INB.Tests" name="googleClick" time="1.013"/>
  <testcase classname="com.cognizant.INB.Tests" name="windowHandle" time="0.192"/>
  <testcase classname="com.cognizant.INB.Tests" name="emailClick" time="1.37"/>
  <testcase classname="com.cognizant.INB.Tests" name="nextButton" time="1.199"/>
</testsuite> <!-- Default test -->
